<?xml version="1.0" encoding="UTF-8"?>
<!-- Generated by org.testng.reporters.JUnitReportReporter -->
<testsuite hostname="Harishs-MacBook-Pro.local" failures="0" tests="1" name="com.maven1.test3" time="22.709" errors="0" timestamp="2023-02-24T22:34:59 PST" skipped="0">
  <testcase classname="com.maven1.test3" name="broswer_mock" time="22.709"/>
  <system-out/>
</testsuite> <!-- com.maven1.test3 -->
