<?xml version="1.0" encoding="UTF-8"?>
<!-- Generated by org.testng.reporters.JUnitReportReporter -->
<testsuite hostname="Harishs-MacBook-Pro.local" failures="0" tests="1" name="com.maven1.Demowebtable" time="5.014" errors="0" timestamp="2023-02-24T11:57:22 PST" skipped="0">
  <testcase classname="com.maven1.Demowebtable" name="testchk" time="5.014"/>
  <system-out/>
</testsuite> <!-- com.maven1.Demowebtable -->
