<?xml version="1.0" encoding="UTF-8"?>
<!-- Generated by org.testng.reporters.JUnitReportReporter -->
<testsuite hostname="Harishs-MacBook-Pro.local" failures="0" tests="1" name="com.maven1.Webtab" time="27.834" errors="0" timestamp="2023-02-28T12:27:26 PST" skipped="0">
  <testcase classname="com.maven1.Webtab" name="webtabletest" time="27.834"/>
  <system-out/>
</testsuite> <!-- com.maven1.Webtab -->
