<?xml version="1.0" encoding="UTF-8"?>
<!-- Generated by org.testng.reporters.JUnitReportReporter -->
<testsuite hostname="Harishs-MacBook-Pro.local" failures="0" tests="1" name="com.maven1.test2" time="5.261" errors="0" timestamp="2023-02-24T22:04:24 PST" skipped="0">
  <testcase classname="com.maven1.test2" name="testnGchk" time="5.261"/>
  <system-out/>
</testsuite> <!-- com.maven1.test2 -->
